<?xml version="1.0" encoding="UTF-8"?>
<!-- Generated by org.testng.reporters.JUnitXMLReporter -->
<testsuite ignored="0" hostname="DESKTOP-UAKQSLH" failures="0" tests="3" name="Test11(failed)" time="0.158" errors="0" timestamp="2024-08-30T18:30:20 IST">
  <testcase classname="packkk.Basec" name="@BeforeClass setup" time="0.022">
    <failure type="java.lang.NullPointerException" message="Cannot invoke &amp;quot;org.openqa.selenium.WebDriver.manage()&amp;quot; because &amp;quot;this.driver&amp;quot; is null">
      <![CDATA[java.lang.NullPointerException: Cannot invoke "org.openqa.selenium.WebDriver.manage()" because "this.driver" is null
at packkk.Basec.setup(Basec.java:65)
at java.base/java.util.ArrayList.forEach(ArrayList.java:1596)
... Removed 23 stack frames]]>
    </failure>
  </testcase> <!-- @BeforeClass setup -->
  <testcase classname="packkk.Basec" name="@AfterClass teardown" time="-1.72502282006E9">
    <skipped/>
  </testcase> <!-- @AfterClass teardown -->
  <testcase classname="packkk.Test11" name="tc1" time="0.0">
    <skipped/>
  </testcase> <!-- tc1 -->
  <testcase classname="packkk.Test11" name="tc2" time="0.0">
    <skipped/>
  </testcase> <!-- tc2 -->
  <testcase classname="packkk.Test11" name="tc3" time="0.0">
    <skipped/>
  </testcase> <!-- tc3 -->
</testsuite> <!-- Test11(failed) -->
