<?xml version="1.0" encoding="UTF-8"?>
<testng-results ignored="0" total="2" passed="2" failed="0" skipped="0">
  <reporter-output>
  </reporter-output>
  <suite started-at="2024-09-14T15:38:44 IST" name="Suite" finished-at="2024-09-14T15:39:08 IST" duration-ms="24180">
    <groups>
    </groups>
    <test started-at="2024-09-14T15:38:44 IST" name="Test" finished-at="2024-09-14T15:39:04 IST" duration-ms="19694">
      <class name="com.testcases.Tc001">
        <test-method is-config="true" signature="setup(java.lang.String,java.lang.String)[pri:0, instance:com.testcases.Tc001@75d3a5e0]" started-at="2024-09-14T15:38:44 IST" name="setup" finished-at="2024-09-14T15:38:56 IST" duration-ms="11646" status="PASS">
          <params>
            <param index="0">
              <value>
                <![CDATA[win11]]>
              </value>
            </param>
            <param index="1">
              <value>
                <![CDATA[chrome]]>
              </value>
            </param>
          </params>
          <reporter-output>
          </reporter-output>
        </test-method> <!-- setup -->
        <test-method signature="tc1()[pri:0, instance:com.testcases.Tc001@75d3a5e0]" started-at="2024-09-14T15:38:56 IST" name="tc1" finished-at="2024-09-14T15:38:58 IST" duration-ms="2163" status="PASS">
          <reporter-output>
          </reporter-output>
        </test-method> <!-- tc1 -->
        <test-method is-config="true" signature="teardown()[pri:0, instance:com.testcases.Tc001@75d3a5e0]" started-at="2024-09-14T15:38:58 IST" name="teardown" finished-at="2024-09-14T15:39:04 IST" duration-ms="5837" status="PASS">
          <reporter-output>
          </reporter-output>
        </test-method> <!-- teardown -->
      </class> <!-- com.testcases.Tc001 -->
    </test> <!-- Test -->
    <test started-at="2024-09-14T15:38:44 IST" name="Test2" finished-at="2024-09-14T15:39:08 IST" duration-ms="24180">
      <class name="com.testcases.Tc001">
        <test-method is-config="true" signature="setup(java.lang.String,java.lang.String)[pri:0, instance:com.testcases.Tc001@6fa51cd4]" started-at="2024-09-14T15:38:44 IST" name="setup" finished-at="2024-09-14T15:38:58 IST" duration-ms="13834" status="PASS">
          <params>
            <param index="0">
              <value>
                <![CDATA[win11]]>
              </value>
            </param>
            <param index="1">
              <value>
                <![CDATA[edge]]>
              </value>
            </param>
          </params>
          <reporter-output>
          </reporter-output>
        </test-method> <!-- setup -->
        <test-method signature="tc1()[pri:0, instance:com.testcases.Tc001@6fa51cd4]" started-at="2024-09-14T15:38:58 IST" name="tc1" finished-at="2024-09-14T15:39:02 IST" duration-ms="3892" status="PASS">
          <reporter-output>
          </reporter-output>
        </test-method> <!-- tc1 -->
        <test-method is-config="true" signature="teardown()[pri:0, instance:com.testcases.Tc001@6fa51cd4]" started-at="2024-09-14T15:39:02 IST" name="teardown" finished-at="2024-09-14T15:39:08 IST" duration-ms="6408" status="PASS">
          <reporter-output>
          </reporter-output>
        </test-method> <!-- teardown -->
      </class> <!-- com.testcases.Tc001 -->
    </test> <!-- Test2 -->
  </suite> <!-- Suite -->
</testng-results>
